<?xml version="1.0" encoding="UTF-8"?>
<testsuite xmlns:xsi="http://www.w3.org/2001/XMLSchema-instance" xsi:noNamespaceSchemaLocation="https://maven.apache.org/surefire/maven-surefire-plugin/xsd/surefire-test-report.xsd" version="3.0.2" name="com.erudika.scoold.utils.avatars.DefaultAvatarRepositoryTest" time="0.392" tests="3" errors="0" skipped="0" failures="0">
  <properties>
[...]
</properties>
  <testcase name="store_should_nothing" classname="com.erudika.scoold.utils.avatars.DefaultAvatarRepositoryTest" time="0.351">
    <system-out><![CDATA[2024-12-09 11:34:53 [WARN ] Failed to load configuration file 'application.(conf|json|properties)' for namespace 'scoold' - merge of system properties,application.properties @ file:/home/chirag/Desktop/Scoold/scoold/target/classes/application.properties,reference.conf @ jar:file:/home/chirag/.m2/repository/com/erudika/para-core/1.50.3/para-core-1.50.3.jar!/reference.conf: 1: No configuration setting found for key 'scoold'
]]></system-out>
  </testcase>
  <testcase name="getAnonymizedLink_should_always_return_default_avatar" classname="com.erudika.scoold.utils.avatars.DefaultAvatarRepositoryTest" time="0.0"/>
  <testcase name="getLink_should_return_always_default_avatar" classname="com.erudika.scoold.utils.avatars.DefaultAvatarRepositoryTest" time="0.001"/>
</testsuite>